<?xml version="1.0" encoding="UTF-8"?>
<!-- Generated by org.testng.reporters.JUnitReportReporter -->
<testsuite hostname="lenovo" failures="0" tests="10" name="almosafer.MyTestCases" time="22.884" errors="0" timestamp="2025-05-06T19:24:44 EET" skipped="8">
  <testcase classname="almosafer.MyTestCases" name="hotelSearch" time="10.861"/>
  <testcase classname="almosafer.MyTestCases" name="PageFullyLoaded" time="12.023"/>
  <testcase classname="almosafer.MyTestCases" name="QitafLogo">
    <skipped/>
  </testcase> <!-- QitafLogo -->
  <testcase classname="almosafer.MyTestCases" name="CheckPhoneNumber">
    <skipped/>
  </testcase> <!-- CheckPhoneNumber -->
  <testcase classname="almosafer.MyTestCases" name="CheckingFlightReturn">
    <skipped/>
  </testcase> <!-- CheckingFlightReturn -->
  <testcase classname="almosafer.MyTestCases" name="CheckingFlightDeparture">
    <skipped/>
  </testcase> <!-- CheckingFlightDeparture -->
  <testcase classname="almosafer.MyTestCases" name="CahngeTheLanguage">
    <skipped/>
  </testcase> <!-- CahngeTheLanguage -->
  <testcase classname="almosafer.MyTestCases" name="CheckDefultCurrency">
    <skipped/>
  </testcase> <!-- CheckDefultCurrency -->
  <testcase classname="almosafer.MyTestCases" name="CheckHotelTab">
    <skipped/>
  </testcase> <!-- CheckHotelTab -->
  <testcase classname="almosafer.MyTestCases" name="ChesckTheLanguage">
    <skipped/>
  </testcase> <!-- ChesckTheLanguage -->
</testsuite> <!-- almosafer.MyTestCases -->
